<?xml version="1.0" encoding="UTF-8"?>
<!-- Generated by org.testng.reporters.JUnitReportReporter -->
<testsuite hostname="LAPTOP-7PH613B1" failures="0" tests="1" name="Sandhya.pageobject.loginTest" time="8.301" errors="0" timestamp="2022-11-02T15:39:57 IST" skipped="0">
  <testcase classname="Sandhya.pageobject.loginTest" name="login" time="8.301"/>
  <system-out/>
</testsuite> <!-- Sandhya.pageobject.loginTest -->
